C:\Program Files (x86)\Microsoft Visual Studio\2019\Community\MSBuild\Microsoft\VC\v160\Microsoft.CppBuild.targets(453,5): warning MSB8004: Output Directory does not end with a trailing slash.  This build instance will add the slash as it is required to allow proper evaluation of the Output Directory.
  Assignment4-BackendCrowdSim.cpp
C:\Users\donov\Desktop\Coding Area\Game Develpoment area\GraphicsWork\GraphicsWork\OpenGL\Assignment4-BackendCrowdSim.cpp(77,22): warning C4091: 'typedef ': ignored on left of 'Square' when no variable is declared
C:\Users\donov\Desktop\Coding Area\Game Develpoment area\GraphicsWork\GraphicsWork\OpenGL\Assignment4-BackendCrowdSim.cpp(100,2): warning C4091: 'typedef ': ignored on left of 'Circle' when no variable is declared
C:\Users\donov\Desktop\Coding Area\Game Develpoment area\GraphicsWork\GraphicsWork\OpenGL\Assignment4-BackendCrowdSim.cpp(117,2): warning C4091: 'typedef ': ignored on left of 'Square' when no variable is declared
C:\Users\donov\Desktop\Coding Area\Game Develpoment area\GraphicsWork\GraphicsWork\OpenGL\Assignment4-BackendCrowdSim.cpp(149,48): warning C4244: '=': conversion from 'double' to 'GLfloat', possible loss of data
C:\Users\donov\Desktop\Coding Area\Game Develpoment area\GraphicsWork\GraphicsWork\OpenGL\Assignment4-BackendCrowdSim.cpp(150,48): warning C4244: '=': conversion from 'double' to 'GLfloat', possible loss of data
C:\Users\donov\Desktop\Coding Area\Game Develpoment area\GraphicsWork\GraphicsWork\OpenGL\Assignment4-BackendCrowdSim.cpp(151,51): warning C4244: '=': conversion from 'double' to 'GLfloat', possible loss of data
C:\Users\donov\Desktop\Coding Area\Game Develpoment area\GraphicsWork\GraphicsWork\OpenGL\Assignment4-BackendCrowdSim.cpp(152,51): warning C4244: '=': conversion from 'double' to 'GLfloat', possible loss of data
C:\Users\donov\Desktop\Coding Area\Game Develpoment area\GraphicsWork\GraphicsWork\OpenGL\Assignment4-BackendCrowdSim.cpp(158,48): warning C4244: '=': conversion from 'double' to 'GLfloat', possible loss of data
C:\Users\donov\Desktop\Coding Area\Game Develpoment area\GraphicsWork\GraphicsWork\OpenGL\Assignment4-BackendCrowdSim.cpp(159,48): warning C4244: '=': conversion from 'double' to 'GLfloat', possible loss of data
C:\Users\donov\Desktop\Coding Area\Game Develpoment area\GraphicsWork\GraphicsWork\OpenGL\Assignment4-BackendCrowdSim.cpp(160,51): warning C4244: '=': conversion from 'double' to 'GLfloat', possible loss of data
C:\Users\donov\Desktop\Coding Area\Game Develpoment area\GraphicsWork\GraphicsWork\OpenGL\Assignment4-BackendCrowdSim.cpp(161,51): warning C4244: '=': conversion from 'double' to 'GLfloat', possible loss of data
C:\Users\donov\Desktop\Coding Area\Game Develpoment area\GraphicsWork\GraphicsWork\OpenGL\Assignment4-BackendCrowdSim.cpp(174,24): warning C4244: '=': conversion from 'time_t' to 'double', possible loss of data
C:\Users\donov\Desktop\Coding Area\Game Develpoment area\GraphicsWork\GraphicsWork\OpenGL\Assignment4-BackendCrowdSim.cpp(266,30): warning C4244: '=': conversion from 'int' to 'GLfloat', possible loss of data
C:\Users\donov\Desktop\Coding Area\Game Develpoment area\GraphicsWork\GraphicsWork\OpenGL\Assignment4-BackendCrowdSim.cpp(331,37): warning C4244: '=': conversion from 'double' to 'GLfloat', possible loss of data
C:\Users\donov\Desktop\Coding Area\Game Develpoment area\GraphicsWork\GraphicsWork\OpenGL\Assignment4-BackendCrowdSim.cpp(332,37): warning C4244: '=': conversion from 'int' to 'GLfloat', possible loss of data
C:\Users\donov\Desktop\Coding Area\Game Develpoment area\GraphicsWork\GraphicsWork\OpenGL\Assignment4-BackendCrowdSim.cpp(344,38): warning C4244: '=': conversion from 'double' to 'GLfloat', possible loss of data
C:\Users\donov\Desktop\Coding Area\Game Develpoment area\GraphicsWork\GraphicsWork\OpenGL\Assignment4-BackendCrowdSim.cpp(345,37): warning C4244: '=': conversion from 'int' to 'GLfloat', possible loss of data
C:\Users\donov\Desktop\Coding Area\Game Develpoment area\GraphicsWork\GraphicsWork\OpenGL\Assignment4-BackendCrowdSim.cpp(401,33): warning C4244: 'argument': conversion from 'int' to 'float', possible loss of data
C:\Users\donov\Desktop\Coding Area\Game Develpoment area\GraphicsWork\GraphicsWork\OpenGL\Assignment4-BackendCrowdSim.cpp(401,30): warning C4244: 'argument': conversion from 'int' to 'float', possible loss of data
C:\Users\donov\Desktop\Coding Area\Game Develpoment area\GraphicsWork\GraphicsWork\OpenGL\Assignment4-BackendCrowdSim.cpp(424,33): warning C4244: 'argument': conversion from 'int' to 'float', possible loss of data
C:\Users\donov\Desktop\Coding Area\Game Develpoment area\GraphicsWork\GraphicsWork\OpenGL\Assignment4-BackendCrowdSim.cpp(424,30): warning C4244: 'argument': conversion from 'int' to 'float', possible loss of data
C:\Users\donov\Desktop\Coding Area\Game Develpoment area\GraphicsWork\GraphicsWork\OpenGL\Assignment4-BackendCrowdSim.cpp(436,27): warning C4244: '=': conversion from 'double' to 'GLfloat', possible loss of data
C:\Users\donov\Desktop\Coding Area\Game Develpoment area\GraphicsWork\GraphicsWork\OpenGL\Assignment4-BackendCrowdSim.cpp(437,31): warning C4244: '=': conversion from 'double' to 'GLfloat', possible loss of data
C:\Users\donov\Desktop\Coding Area\Game Develpoment area\GraphicsWork\GraphicsWork\OpenGL\Assignment4-BackendCrowdSim.cpp(442,42): warning C4305: 'argument': truncation from 'double' to 'GLfloat'
C:\Users\donov\Desktop\Coding Area\Game Develpoment area\GraphicsWork\GraphicsWork\OpenGL\Assignment4-BackendCrowdSim.cpp(443,35): warning C4305: 'argument': truncation from 'double' to 'GLfloat'
C:\Users\donov\Desktop\Coding Area\Game Develpoment area\GraphicsWork\GraphicsWork\OpenGL\Assignment4-BackendCrowdSim.cpp(479,30): warning C4305: 'argument': truncation from 'double' to 'GLfloat'
C:\Users\donov\Desktop\Coding Area\Game Develpoment area\GraphicsWork\GraphicsWork\OpenGL\Assignment4-BackendCrowdSim.cpp(498,34): warning C4305: 'argument': truncation from 'double' to 'GLfloat'
C:\Users\donov\Desktop\Coding Area\Game Develpoment area\GraphicsWork\GraphicsWork\OpenGL\Assignment4-BackendCrowdSim.cpp(499,20): warning C4244: 'argument': conversion from 'int' to 'GLfloat', possible loss of data
C:\Users\donov\Desktop\Coding Area\Game Develpoment area\GraphicsWork\GraphicsWork\OpenGL\Assignment4-BackendCrowdSim.cpp(500,20): warning C4244: 'argument': conversion from 'int' to 'GLfloat', possible loss of data
C:\Users\donov\Desktop\Coding Area\Game Develpoment area\GraphicsWork\GraphicsWork\OpenGL\Assignment4-BackendCrowdSim.cpp(505,34): warning C4305: 'argument': truncation from 'double' to 'GLfloat'
C:\Users\donov\Desktop\Coding Area\Game Develpoment area\GraphicsWork\GraphicsWork\OpenGL\Assignment4-BackendCrowdSim.cpp(506,26): warning C4244: 'argument': conversion from 'int' to 'GLfloat', possible loss of data
C:\Users\donov\Desktop\Coding Area\Game Develpoment area\GraphicsWork\GraphicsWork\OpenGL\Assignment4-BackendCrowdSim.cpp(507,25): warning C4244: 'argument': conversion from 'int' to 'GLfloat', possible loss of data
C:\Users\donov\Desktop\Coding Area\Game Develpoment area\GraphicsWork\GraphicsWork\OpenGL\Assignment4-BackendCrowdSim.cpp(579,20): warning C4244: 'initializing': conversion from 'time_t' to 'double', possible loss of data
C:\Users\donov\Desktop\Coding Area\Game Develpoment area\GraphicsWork\GraphicsWork\OpenGL\Assignment4-BackendCrowdSim.cpp(582,27): warning C4244: '+=': conversion from 'double' to 'float', possible loss of data
C:\Users\donov\Desktop\Coding Area\Game Develpoment area\GraphicsWork\GraphicsWork\OpenGL\Assignment4-BackendCrowdSim.cpp(585,28): warning C4244: '+=': conversion from 'double' to 'float', possible loss of data
C:\Users\donov\Desktop\Coding Area\Game Develpoment area\GraphicsWork\GraphicsWork\OpenGL\Assignment4-BackendCrowdSim.cpp(647,28): warning C4305: 'initializing': truncation from 'double' to 'float'
C:\Users\donov\Desktop\Coding Area\Game Develpoment area\GraphicsWork\GraphicsWork\OpenGL\Assignment4-BackendCrowdSim.cpp(651,42): warning C4305: 'initializing': truncation from 'double' to 'float'
C:\Users\donov\Desktop\Coding Area\Game Develpoment area\GraphicsWork\GraphicsWork\OpenGL\Assignment4-BackendCrowdSim.cpp(653,16): warning C4244: 'initializing': conversion from 'GLfloat' to 'int', possible loss of data
C:\Users\donov\Desktop\Coding Area\Game Develpoment area\GraphicsWork\GraphicsWork\OpenGL\Assignment4-BackendCrowdSim.cpp(654,15): warning C4244: 'initializing': conversion from 'double' to 'float', possible loss of data
C:\Users\donov\Desktop\Coding Area\Game Develpoment area\GraphicsWork\GraphicsWork\OpenGL\Assignment4-BackendCrowdSim.cpp(656,24): warning C4244: '=': conversion from 'GLfloat' to 'int', possible loss of data
C:\Users\donov\Desktop\Coding Area\Game Develpoment area\GraphicsWork\GraphicsWork\OpenGL\Assignment4-BackendCrowdSim.cpp(657,48): warning C4244: '=': conversion from 'double' to 'float', possible loss of data
C:\Users\donov\Desktop\Coding Area\Game Develpoment area\GraphicsWork\GraphicsWork\OpenGL\Assignment4-BackendCrowdSim.cpp(670,20): warning C4244: 'initializing': conversion from 'double' to 'float', possible loss of data
C:\Users\donov\Desktop\Coding Area\Game Develpoment area\GraphicsWork\GraphicsWork\OpenGL\Assignment4-BackendCrowdSim.cpp(671,20): warning C4244: 'initializing': conversion from 'double' to 'float', possible loss of data
C:\Users\donov\Desktop\Coding Area\Game Develpoment area\GraphicsWork\GraphicsWork\OpenGL\Assignment4-BackendCrowdSim.cpp(674,19): warning C4305: 'initializing': truncation from 'double' to 'float'
C:\Users\donov\Desktop\Coding Area\Game Develpoment area\GraphicsWork\GraphicsWork\OpenGL\Assignment4-BackendCrowdSim.cpp(692,34): warning C4244: '=': conversion from 'double' to 'float', possible loss of data
C:\Users\donov\Desktop\Coding Area\Game Develpoment area\GraphicsWork\GraphicsWork\OpenGL\Assignment4-BackendCrowdSim.cpp(752,32): warning C4244: '=': conversion from 'double' to 'float', possible loss of data
C:\Users\donov\Desktop\Coding Area\Game Develpoment area\GraphicsWork\GraphicsWork\OpenGL\Assignment4-BackendCrowdSim.cpp(755,23): warning C4244: 'initializing': conversion from 'double' to 'float', possible loss of data
C:\Users\donov\Desktop\Coding Area\Game Develpoment area\GraphicsWork\GraphicsWork\OpenGL\Assignment4-BackendCrowdSim.cpp(756,23): warning C4244: 'initializing': conversion from 'double' to 'float', possible loss of data
C:\Users\donov\Desktop\Coding Area\Game Develpoment area\GraphicsWork\GraphicsWork\OpenGL\Assignment4-BackendCrowdSim.cpp(798,35): warning C4244: 'argument': conversion from 'double' to 'float', possible loss of data
C:\Users\donov\Desktop\Coding Area\Game Develpoment area\GraphicsWork\GraphicsWork\OpenGL\Assignment4-BackendCrowdSim.cpp(803,23): warning C4244: '=': conversion from 'double' to 'GLfloat', possible loss of data
C:\Users\donov\Desktop\Coding Area\Game Develpoment area\GraphicsWork\GraphicsWork\OpenGL\Assignment4-BackendCrowdSim.cpp(804,23): warning C4244: '=': conversion from 'double' to 'GLfloat', possible loss of data
C:\Users\donov\Desktop\Coding Area\Game Develpoment area\GraphicsWork\GraphicsWork\OpenGL\Assignment4-BackendCrowdSim.cpp(805,35): warning C4244: '+=': conversion from 'double' to 'GLfloat', possible loss of data
C:\Users\donov\Desktop\Coding Area\Game Develpoment area\GraphicsWork\GraphicsWork\OpenGL\Assignment4-BackendCrowdSim.cpp(806,35): warning C4244: '+=': conversion from 'double' to 'GLfloat', possible loss of data
C:\Users\donov\Desktop\Coding Area\Game Develpoment area\GraphicsWork\GraphicsWork\OpenGL\Assignment4-BackendCrowdSim.cpp(824,28): warning C4305: 'initializing': truncation from 'double' to 'float'
C:\Users\donov\Desktop\Coding Area\Game Develpoment area\GraphicsWork\GraphicsWork\OpenGL\Assignment4-BackendCrowdSim.cpp(828,40): warning C4305: 'initializing': truncation from 'double' to 'float'
C:\Users\donov\Desktop\Coding Area\Game Develpoment area\GraphicsWork\GraphicsWork\OpenGL\Assignment4-BackendCrowdSim.cpp(837,20): warning C4244: 'initializing': conversion from 'double' to 'float', possible loss of data
C:\Users\donov\Desktop\Coding Area\Game Develpoment area\GraphicsWork\GraphicsWork\OpenGL\Assignment4-BackendCrowdSim.cpp(838,20): warning C4244: 'initializing': conversion from 'double' to 'float', possible loss of data
C:\Users\donov\Desktop\Coding Area\Game Develpoment area\GraphicsWork\GraphicsWork\OpenGL\Assignment4-BackendCrowdSim.cpp(859,22): warning C4244: 'initializing': conversion from 'GLfloat' to 'int', possible loss of data
C:\Users\donov\Desktop\Coding Area\Game Develpoment area\GraphicsWork\GraphicsWork\OpenGL\Assignment4-BackendCrowdSim.cpp(860,22): warning C4244: 'initializing': conversion from 'GLfloat' to 'int', possible loss of data
C:\Users\donov\Desktop\Coding Area\Game Develpoment area\GraphicsWork\GraphicsWork\OpenGL\Assignment4-BackendCrowdSim.cpp(871,38): warning C4244: 'argument': conversion from 'int' to 'float', possible loss of data
C:\Users\donov\Desktop\Coding Area\Game Develpoment area\GraphicsWork\GraphicsWork\OpenGL\Assignment4-BackendCrowdSim.cpp(871,32): warning C4244: 'argument': conversion from 'int' to 'float', possible loss of data
C:\Users\donov\Desktop\Coding Area\Game Develpoment area\GraphicsWork\GraphicsWork\OpenGL\Assignment4-BackendCrowdSim.cpp(872,50): warning C4244: 'argument': conversion from 'int' to 'float', possible loss of data
C:\Users\donov\Desktop\Coding Area\Game Develpoment area\GraphicsWork\GraphicsWork\OpenGL\Assignment4-BackendCrowdSim.cpp(872,44): warning C4244: 'argument': conversion from 'int' to 'float', possible loss of data
C:\Users\donov\Desktop\Coding Area\Game Develpoment area\GraphicsWork\GraphicsWork\OpenGL\Assignment4-BackendCrowdSim.cpp(948,35): warning C4244: 'argument': conversion from 'double' to 'float', possible loss of data
C:\Users\donov\Desktop\Coding Area\Game Develpoment area\GraphicsWork\GraphicsWork\OpenGL\Assignment4-BackendCrowdSim.cpp(958,23): warning C4244: '=': conversion from 'double' to 'GLfloat', possible loss of data
C:\Users\donov\Desktop\Coding Area\Game Develpoment area\GraphicsWork\GraphicsWork\OpenGL\Assignment4-BackendCrowdSim.cpp(959,23): warning C4244: '=': conversion from 'double' to 'GLfloat', possible loss of data
C:\Users\donov\Desktop\Coding Area\Game Develpoment area\GraphicsWork\GraphicsWork\OpenGL\Assignment4-BackendCrowdSim.cpp(960,35): warning C4244: '+=': conversion from 'double' to 'GLfloat', possible loss of data
C:\Users\donov\Desktop\Coding Area\Game Develpoment area\GraphicsWork\GraphicsWork\OpenGL\Assignment4-BackendCrowdSim.cpp(961,35): warning C4244: '+=': conversion from 'double' to 'GLfloat', possible loss of data
C:\Users\donov\Desktop\Coding Area\Game Develpoment area\GraphicsWork\GraphicsWork\OpenGL\Assignment4-BackendCrowdSim.cpp(1000,62): warning C4305: '=': truncation from 'double' to 'GLfloat'
C:\Users\donov\Desktop\Coding Area\Game Develpoment area\GraphicsWork\GraphicsWork\OpenGL\Assignment4-BackendCrowdSim.cpp(1001,62): warning C4305: '=': truncation from 'double' to 'GLfloat'
C:\Users\donov\Desktop\Coding Area\Game Develpoment area\GraphicsWork\GraphicsWork\OpenGL\Assignment4-BackendCrowdSim.cpp(1002,62): warning C4305: '=': truncation from 'double' to 'GLfloat'
C:\Users\donov\Desktop\Coding Area\Game Develpoment area\GraphicsWork\GraphicsWork\OpenGL\Assignment4-BackendCrowdSim.cpp(1003,62): warning C4305: '=': truncation from 'double' to 'GLfloat'
C:\Users\donov\Desktop\Coding Area\Game Develpoment area\GraphicsWork\GraphicsWork\OpenGL\Assignment4-BackendCrowdSim.cpp(1006,62): warning C4305: '=': truncation from 'double' to 'GLfloat'
C:\Users\donov\Desktop\Coding Area\Game Develpoment area\GraphicsWork\GraphicsWork\OpenGL\Assignment4-BackendCrowdSim.cpp(1007,62): warning C4305: '=': truncation from 'double' to 'GLfloat'
C:\Users\donov\Desktop\Coding Area\Game Develpoment area\GraphicsWork\GraphicsWork\OpenGL\Assignment4-BackendCrowdSim.cpp(1008,62): warning C4305: '=': truncation from 'double' to 'GLfloat'
C:\Users\donov\Desktop\Coding Area\Game Develpoment area\GraphicsWork\GraphicsWork\OpenGL\Assignment4-BackendCrowdSim.cpp(1009,62): warning C4305: '=': truncation from 'double' to 'GLfloat'
C:\Users\donov\Desktop\Coding Area\Game Develpoment area\GraphicsWork\GraphicsWork\OpenGL\Assignment4-BackendCrowdSim.cpp(1036,77): warning C4244: 'argument': conversion from 'double' to 'float', possible loss of data
C:\Users\donov\Desktop\Coding Area\Game Develpoment area\GraphicsWork\GraphicsWork\OpenGL\Assignment4-BackendCrowdSim.cpp(1036,50): warning C4244: 'argument': conversion from 'double' to 'float', possible loss of data
  OpenGL.vcxproj -> C:\Users\donov\Desktop\Coding Area\Game Develpoment area\GraphicsWork\GraphicsWork\OpenGL\.\OpenGL.exe
